<?xml version="1.0" encoding="UTF-8"?>
<!-- Generated by org.testng.reporters.JUnitReportReporter -->
<testsuite skipped="0" hostname="quikr-HP-240-G3-Notebook-PC" name="com.plivo.sendMessage.SendMessageTest" tests="1" failures="0" timestamp="15 Dec 2017 13:51:03 GMT" time="5.411" errors="0">
  <testcase name="verifySMSDelivery" time="5.411" classname="com.plivo.sendMessage.SendMessageTest"/>
</testsuite> <!-- com.plivo.sendMessage.SendMessageTest -->
